<?xml version="1.0" encoding="UTF-8"?>
<testsuite xmlns:xsi="http://www.w3.org/2001/XMLSchema-instance" xsi:noNamespaceSchemaLocation="https://maven.apache.org/surefire/maven-surefire-plugin/xsd/surefire-test-report.xsd" version="3.0.2" name="com.ptidej.AbcTest" time="0.443" tests="1" errors="0" skipped="0" failures="0">
  <properties>
    <property name="java.specification.version" value="17"/>
    <property name="sun.jnu.encoding" value="UTF-8"/>
    <property name="java.class.path" value="/Users/gabrielullmann/Documents/Projects/micronaut-midlwr/target/test-classes:/Users/gabrielullmann/Documents/Projects/micronaut-midlwr/target/classes:/Users/gabrielullmann/.m2/repository/io/micronaut/micronaut-http-client/4.7.6/micronaut-http-client-4.7.6.jar:/Users/gabrielullmann/.m2/repository/org/slf4j/slf4j-api/2.0.16/slf4j-api-2.0.16.jar:/Users/gabrielullmann/.m2/repository/io/micronaut/micronaut-context/4.7.6/micronaut-context-4.7.6.jar:/Users/gabrielullmann/.m2/repository/io/micronaut/micronaut-aop/4.7.6/micronaut-aop-4.7.6.jar:/Users/gabrielullmann/.m2/repository/io/micronaut/micronaut-http-client-core/4.7.6/micronaut-http-client-core-4.7.6.jar:/Users/gabrielullmann/.m2/repository/io/micronaut/micronaut-json-core/4.7.6/micronaut-json-core-4.7.6.jar:/Users/gabrielullmann/.m2/repository/io/micronaut/micronaut-discovery-core/4.7.6/micronaut-discovery-core-4.7.6.jar:/Users/gabrielullmann/.m2/repository/io/micronaut/micronaut-websocket/4.7.6/micronaut-websocket-4.7.6.jar:/Users/gabrielullmann/.m2/repository/io/micronaut/micronaut-http-netty/4.7.6/micronaut-http-netty-4.7.6.jar:/Users/gabrielullmann/.m2/repository/io/micronaut/micronaut-buffer-netty/4.7.6/micronaut-buffer-netty-4.7.6.jar:/Users/gabrielullmann/.m2/repository/io/netty/netty-codec-http2/4.1.115.Final/netty-codec-http2-4.1.115.Final.jar:/Users/gabrielullmann/.m2/repository/io/netty/netty-handler/4.1.115.Final/netty-handler-4.1.115.Final.jar:/Users/gabrielullmann/.m2/repository/io/netty/netty-resolver/4.1.115.Final/netty-resolver-4.1.115.Final.jar:/Users/gabrielullmann/.m2/repository/io/netty/netty-transport-native-unix-common/4.1.115.Final/netty-transport-native-unix-common-4.1.115.Final.jar:/Users/gabrielullmann/.m2/repository/io/netty/netty-handler-proxy/4.1.115.Final/netty-handler-proxy-4.1.115.Final.jar:/Users/gabrielullmann/.m2/repository/io/netty/netty-common/4.1.115.Final/netty-common-4.1.115.Final.jar:/Users/gabrielullmann/.m2/repository/io/netty/netty-buffer/4.1.115.Final/netty-buffer-4.1.115.Final.jar:/Users/gabrielullmann/.m2/repository/io/netty/netty-transport/4.1.115.Final/netty-transport-4.1.115.Final.jar:/Users/gabrielullmann/.m2/repository/io/netty/netty-codec/4.1.115.Final/netty-codec-4.1.115.Final.jar:/Users/gabrielullmann/.m2/repository/io/netty/netty-codec-socks/4.1.115.Final/netty-codec-socks-4.1.115.Final.jar:/Users/gabrielullmann/.m2/repository/io/projectreactor/reactor-core/3.6.10/reactor-core-3.6.10.jar:/Users/gabrielullmann/.m2/repository/org/reactivestreams/reactive-streams/1.0.4/reactive-streams-1.0.4.jar:/Users/gabrielullmann/.m2/repository/io/micronaut/micronaut-http-server/4.7.6/micronaut-http-server-4.7.6.jar:/Users/gabrielullmann/.m2/repository/io/micronaut/micronaut-http/4.7.6/micronaut-http-4.7.6.jar:/Users/gabrielullmann/.m2/repository/io/micronaut/micronaut-core-reactive/4.7.6/micronaut-core-reactive-4.7.6.jar:/Users/gabrielullmann/.m2/repository/io/micronaut/micronaut-context-propagation/4.7.6/micronaut-context-propagation-4.7.6.jar:/Users/gabrielullmann/.m2/repository/io/micronaut/micronaut-router/4.7.6/micronaut-router-4.7.6.jar:/Users/gabrielullmann/.m2/repository/io/micronaut/micronaut-http-server-netty/4.7.6/micronaut-http-server-netty-4.7.6.jar:/Users/gabrielullmann/.m2/repository/io/micronaut/micronaut-core/4.7.6/micronaut-core-4.7.6.jar:/Users/gabrielullmann/.m2/repository/io/netty/netty-codec-http/4.1.115.Final/netty-codec-http-4.1.115.Final.jar:/Users/gabrielullmann/.m2/repository/io/micronaut/security/micronaut-security-oauth2/4.11.2/micronaut-security-oauth2-4.11.2.jar:/Users/gabrielullmann/.m2/repository/io/micronaut/micronaut-inject/4.7.6/micronaut-inject-4.7.6.jar:/Users/gabrielullmann/.m2/repository/jakarta/inject/jakarta.inject-api/2.0.1/jakarta.inject-api-2.0.1.jar:/Users/gabrielullmann/.m2/repository/jakarta/validation/jakarta.validation-api/3.1.0/jakarta.validation-api-3.1.0.jar:/Users/gabrielullmann/.m2/repository/io/micronaut/security/micronaut-security/4.11.2/micronaut-security-4.11.2.jar:/Users/gabrielullmann/.m2/repository/io/micronaut/security/micronaut-security-annotations/4.11.2/micronaut-security-annotations-4.11.2.jar:/Users/gabrielullmann/.m2/repository/io/micronaut/reactor/micronaut-reactor/3.6.0/micronaut-reactor-3.6.0.jar:/Users/gabrielullmann/.m2/repository/io/micronaut/serde/micronaut-serde-jackson/2.12.0/micronaut-serde-jackson-2.12.0.jar:/Users/gabrielullmann/.m2/repository/io/micronaut/micronaut-jackson-core/4.7.6/micronaut-jackson-core-4.7.6.jar:/Users/gabrielullmann/.m2/repository/com/fasterxml/jackson/core/jackson-core/2.17.2/jackson-core-2.17.2.jar:/Users/gabrielullmann/.m2/repository/com/fasterxml/jackson/core/jackson-annotations/2.17.2/jackson-annotations-2.17.2.jar:/Users/gabrielullmann/.m2/repository/io/micronaut/serde/micronaut-serde-api/2.12.0/micronaut-serde-api-2.12.0.jar:/Users/gabrielullmann/.m2/repository/io/micronaut/serde/micronaut-serde-support/2.12.0/micronaut-serde-support-2.12.0.jar:/Users/gabrielullmann/.m2/repository/org/springframework/boot/spring-boot-starter/3.3.5/spring-boot-starter-3.3.5.jar:/Users/gabrielullmann/.m2/repository/org/springframework/boot/spring-boot/3.3.5/spring-boot-3.3.5.jar:/Users/gabrielullmann/.m2/repository/org/springframework/spring-context/6.1.14/spring-context-6.1.14.jar:/Users/gabrielullmann/.m2/repository/org/springframework/boot/spring-boot-autoconfigure/3.3.5/spring-boot-autoconfigure-3.3.5.jar:/Users/gabrielullmann/.m2/repository/org/springframework/boot/spring-boot-starter-logging/3.3.5/spring-boot-starter-logging-3.3.5.jar:/Users/gabrielullmann/.m2/repository/org/apache/logging/log4j/log4j-to-slf4j/2.24.1/log4j-to-slf4j-2.24.1.jar:/Users/gabrielullmann/.m2/repository/org/apache/logging/log4j/log4j-api/2.24.1/log4j-api-2.24.1.jar:/Users/gabrielullmann/.m2/repository/org/slf4j/jul-to-slf4j/2.0.16/jul-to-slf4j-2.0.16.jar:/Users/gabrielullmann/.m2/repository/jakarta/annotation/jakarta.annotation-api/2.1.1/jakarta.annotation-api-2.1.1.jar:/Users/gabrielullmann/.m2/repository/org/springframework/spring-core/6.1.14/spring-core-6.1.14.jar:/Users/gabrielullmann/.m2/repository/org/springframework/spring-jcl/6.1.14/spring-jcl-6.1.14.jar:/Users/gabrielullmann/.m2/repository/org/yaml/snakeyaml/2.2/snakeyaml-2.2.jar:/Users/gabrielullmann/.m2/repository/org/springframework/boot/spring-boot-starter-web/3.3.5/spring-boot-starter-web-3.3.5.jar:/Users/gabrielullmann/.m2/repository/org/springframework/boot/spring-boot-starter-json/3.3.5/spring-boot-starter-json-3.3.5.jar:/Users/gabrielullmann/.m2/repository/com/fasterxml/jackson/core/jackson-databind/2.17.2/jackson-databind-2.17.2.jar:/Users/gabrielullmann/.m2/repository/com/fasterxml/jackson/datatype/jackson-datatype-jdk8/2.17.2/jackson-datatype-jdk8-2.17.2.jar:/Users/gabrielullmann/.m2/repository/com/fasterxml/jackson/datatype/jackson-datatype-jsr310/2.17.2/jackson-datatype-jsr310-2.17.2.jar:/Users/gabrielullmann/.m2/repository/com/fasterxml/jackson/module/jackson-module-parameter-names/2.17.2/jackson-module-parameter-names-2.17.2.jar:/Users/gabrielullmann/.m2/repository/org/springframework/boot/spring-boot-starter-tomcat/3.3.5/spring-boot-starter-tomcat-3.3.5.jar:/Users/gabrielullmann/.m2/repository/org/apache/tomcat/embed/tomcat-embed-core/10.1.31/tomcat-embed-core-10.1.31.jar:/Users/gabrielullmann/.m2/repository/org/apache/tomcat/embed/tomcat-embed-el/10.1.31/tomcat-embed-el-10.1.31.jar:/Users/gabrielullmann/.m2/repository/org/apache/tomcat/embed/tomcat-embed-websocket/10.1.31/tomcat-embed-websocket-10.1.31.jar:/Users/gabrielullmann/.m2/repository/org/springframework/spring-web/6.1.14/spring-web-6.1.14.jar:/Users/gabrielullmann/.m2/repository/org/springframework/spring-beans/6.1.14/spring-beans-6.1.14.jar:/Users/gabrielullmann/.m2/repository/io/micrometer/micrometer-observation/1.13.6/micrometer-observation-1.13.6.jar:/Users/gabrielullmann/.m2/repository/io/micrometer/micrometer-commons/1.13.6/micrometer-commons-1.13.6.jar:/Users/gabrielullmann/.m2/repository/org/springframework/spring-webmvc/6.1.14/spring-webmvc-6.1.14.jar:/Users/gabrielullmann/.m2/repository/org/springframework/spring-aop/6.1.14/spring-aop-6.1.14.jar:/Users/gabrielullmann/.m2/repository/org/springframework/spring-expression/6.1.14/spring-expression-6.1.14.jar:/Users/gabrielullmann/.m2/repository/ch/qos/logback/logback-classic/1.5.9/logback-classic-1.5.9.jar:/Users/gabrielullmann/.m2/repository/ch/qos/logback/logback-core/1.5.9/logback-core-1.5.9.jar:/Users/gabrielullmann/.m2/repository/io/micronaut/spring/micronaut-spring-web/5.9.0/micronaut-spring-web-5.9.0.jar:/Users/gabrielullmann/.m2/repository/io/micronaut/spring/micronaut-spring-context/5.9.0/micronaut-spring-context-5.9.0.jar:/Users/gabrielullmann/.m2/repository/io/micronaut/spring/micronaut-spring/5.9.0/micronaut-spring-5.9.0.jar:/Users/gabrielullmann/.m2/repository/org/springframework/spring-tx/6.1.14/spring-tx-6.1.14.jar:/Users/gabrielullmann/.m2/repository/io/micronaut/cache/micronaut-cache-core/5.1.0/micronaut-cache-core-5.1.0.jar:/Users/gabrielullmann/.m2/repository/io/micronaut/spring/micronaut-spring-web-annotation/5.9.0/micronaut-spring-web-annotation-5.9.0.jar:/Users/gabrielullmann/.m2/repository/io/micronaut/spring/micronaut-spring-annotation/5.9.0/micronaut-spring-annotation-5.9.0.jar:/Users/gabrielullmann/.m2/repository/io/micronaut/validation/micronaut-validation/4.8.0/micronaut-validation-4.8.0.jar:/Users/gabrielullmann/.m2/repository/io/micronaut/validation/micronaut-validation-processor/4.8.0/micronaut-validation-processor-4.8.0.jar:/Users/gabrielullmann/.m2/repository/io/micronaut/micronaut-runtime/4.7.6/micronaut-runtime-4.7.6.jar:/Users/gabrielullmann/.m2/repository/io/micronaut/micronaut-retry/4.7.6/micronaut-retry-4.7.6.jar:/Users/gabrielullmann/.m2/repository/io/micronaut/micronaut-core-processor/4.7.6/micronaut-core-processor-4.7.6.jar:/Users/gabrielullmann/.m2/repository/org/ow2/asm/asm-tree/9.7.1/asm-tree-9.7.1.jar:/Users/gabrielullmann/.m2/repository/org/ow2/asm/asm/9.7.1/asm-9.7.1.jar:/Users/gabrielullmann/.m2/repository/org/ow2/asm/asm-commons/9.7.1/asm-commons-9.7.1.jar:/Users/gabrielullmann/.m2/repository/com/github/javaparser/javaparser-symbol-solver-core/3.26.2/javaparser-symbol-solver-core-3.26.2.jar:/Users/gabrielullmann/.m2/repository/com/github/javaparser/javaparser-core/3.26.2/javaparser-core-3.26.2.jar:/Users/gabrielullmann/.m2/repository/io/micronaut/test/micronaut-test-junit5/4.6.0/micronaut-test-junit5-4.6.0.jar:/Users/gabrielullmann/.m2/repository/io/micronaut/test/micronaut-test-core/4.6.0/micronaut-test-core-4.6.0.jar:/Users/gabrielullmann/.m2/repository/org/junit/jupiter/junit-jupiter-api/5.11.3/junit-jupiter-api-5.11.3.jar:/Users/gabrielullmann/.m2/repository/org/opentest4j/opentest4j/1.3.0/opentest4j-1.3.0.jar:/Users/gabrielullmann/.m2/repository/org/junit/platform/junit-platform-commons/1.11.3/junit-platform-commons-1.11.3.jar:/Users/gabrielullmann/.m2/repository/org/apiguardian/apiguardian-api/1.1.2/apiguardian-api-1.1.2.jar:/Users/gabrielullmann/.m2/repository/org/junit/jupiter/junit-jupiter-engine/5.11.3/junit-jupiter-engine-5.11.3.jar:/Users/gabrielullmann/.m2/repository/org/junit/platform/junit-platform-engine/1.11.3/junit-platform-engine-1.11.3.jar:/Users/gabrielullmann/.m2/repository/com/google/code/gson/gson/2.10.1/gson-2.10.1.jar:/Users/gabrielullmann/.m2/repository/io/micronaut/test/micronaut-test-rest-assured/4.6.0/micronaut-test-rest-assured-4.6.0.jar:/Users/gabrielullmann/.m2/repository/io/rest-assured/rest-assured/5.5.0/rest-assured-5.5.0.jar:/Users/gabrielullmann/.m2/repository/org/apache/groovy/groovy-xml/4.0.24/groovy-xml-4.0.24.jar:/Users/gabrielullmann/.m2/repository/org/apache/httpcomponents/httpclient/4.5.13/httpclient-4.5.13.jar:/Users/gabrielullmann/.m2/repository/org/apache/httpcomponents/httpcore/4.4.13/httpcore-4.4.13.jar:/Users/gabrielullmann/.m2/repository/commons-logging/commons-logging/1.2/commons-logging-1.2.jar:/Users/gabrielullmann/.m2/repository/commons-codec/commons-codec/1.11/commons-codec-1.11.jar:/Users/gabrielullmann/.m2/repository/org/apache/httpcomponents/httpmime/4.5.13/httpmime-4.5.13.jar:/Users/gabrielullmann/.m2/repository/org/hamcrest/hamcrest/3.0/hamcrest-3.0.jar:/Users/gabrielullmann/.m2/repository/org/ccil/cowan/tagsoup/tagsoup/1.2.1/tagsoup-1.2.1.jar:/Users/gabrielullmann/.m2/repository/io/rest-assured/json-path/5.5.0/json-path-5.5.0.jar:/Users/gabrielullmann/.m2/repository/org/apache/groovy/groovy-json/4.0.24/groovy-json-4.0.24.jar:/Users/gabrielullmann/.m2/repository/io/rest-assured/rest-assured-common/5.5.0/rest-assured-common-5.5.0.jar:/Users/gabrielullmann/.m2/repository/io/rest-assured/xml-path/5.5.0/xml-path-5.5.0.jar:/Users/gabrielullmann/.m2/repository/org/apache/commons/commons-lang3/3.11/commons-lang3-3.11.jar:/Users/gabrielullmann/.m2/repository/org/apache/groovy/groovy/4.0.24/groovy-4.0.24.jar:"/>
    <property name="java.vm.vendor" value="Oracle Corporation"/>
    <property name="sun.arch.data.model" value="64"/>
    <property name="java.vendor.url" value="https://java.oracle.com/"/>
    <property name="user.timezone" value="America/Toronto"/>
    <property name="os.name" value="Mac OS X"/>
    <property name="java.vm.specification.version" value="17"/>
    <property name="sun.java.launcher" value="SUN_STANDARD"/>
    <property name="user.country" value="CA"/>
    <property name="sun.boot.library.path" value="/Library/Java/JavaVirtualMachines/jdk-17.jdk/Contents/Home/lib"/>
    <property name="sun.java.command" value="/Users/gabrielullmann/Documents/Projects/micronaut-midlwr/target/surefire/surefirebooter-20241209180128882_3.jar /Users/gabrielullmann/Documents/Projects/micronaut-midlwr/target/surefire 2024-12-09T18-01-28_851-jvmRun1 surefire-20241209180128882_1tmp surefire_0-20241209180128882_2tmp"/>
    <property name="http.nonProxyHosts" value="local|*.local|169.254/16|*.169.254/16"/>
    <property name="jdk.debug" value="release"/>
    <property name="surefire.test.class.path" value="/Users/gabrielullmann/Documents/Projects/micronaut-midlwr/target/test-classes:/Users/gabrielullmann/Documents/Projects/micronaut-midlwr/target/classes:/Users/gabrielullmann/.m2/repository/io/micronaut/micronaut-http-client/4.7.6/micronaut-http-client-4.7.6.jar:/Users/gabrielullmann/.m2/repository/org/slf4j/slf4j-api/2.0.16/slf4j-api-2.0.16.jar:/Users/gabrielullmann/.m2/repository/io/micronaut/micronaut-context/4.7.6/micronaut-context-4.7.6.jar:/Users/gabrielullmann/.m2/repository/io/micronaut/micronaut-aop/4.7.6/micronaut-aop-4.7.6.jar:/Users/gabrielullmann/.m2/repository/io/micronaut/micronaut-http-client-core/4.7.6/micronaut-http-client-core-4.7.6.jar:/Users/gabrielullmann/.m2/repository/io/micronaut/micronaut-json-core/4.7.6/micronaut-json-core-4.7.6.jar:/Users/gabrielullmann/.m2/repository/io/micronaut/micronaut-discovery-core/4.7.6/micronaut-discovery-core-4.7.6.jar:/Users/gabrielullmann/.m2/repository/io/micronaut/micronaut-websocket/4.7.6/micronaut-websocket-4.7.6.jar:/Users/gabrielullmann/.m2/repository/io/micronaut/micronaut-http-netty/4.7.6/micronaut-http-netty-4.7.6.jar:/Users/gabrielullmann/.m2/repository/io/micronaut/micronaut-buffer-netty/4.7.6/micronaut-buffer-netty-4.7.6.jar:/Users/gabrielullmann/.m2/repository/io/netty/netty-codec-http2/4.1.115.Final/netty-codec-http2-4.1.115.Final.jar:/Users/gabrielullmann/.m2/repository/io/netty/netty-handler/4.1.115.Final/netty-handler-4.1.115.Final.jar:/Users/gabrielullmann/.m2/repository/io/netty/netty-resolver/4.1.115.Final/netty-resolver-4.1.115.Final.jar:/Users/gabrielullmann/.m2/repository/io/netty/netty-transport-native-unix-common/4.1.115.Final/netty-transport-native-unix-common-4.1.115.Final.jar:/Users/gabrielullmann/.m2/repository/io/netty/netty-handler-proxy/4.1.115.Final/netty-handler-proxy-4.1.115.Final.jar:/Users/gabrielullmann/.m2/repository/io/netty/netty-common/4.1.115.Final/netty-common-4.1.115.Final.jar:/Users/gabrielullmann/.m2/repository/io/netty/netty-buffer/4.1.115.Final/netty-buffer-4.1.115.Final.jar:/Users/gabrielullmann/.m2/repository/io/netty/netty-transport/4.1.115.Final/netty-transport-4.1.115.Final.jar:/Users/gabrielullmann/.m2/repository/io/netty/netty-codec/4.1.115.Final/netty-codec-4.1.115.Final.jar:/Users/gabrielullmann/.m2/repository/io/netty/netty-codec-socks/4.1.115.Final/netty-codec-socks-4.1.115.Final.jar:/Users/gabrielullmann/.m2/repository/io/projectreactor/reactor-core/3.6.10/reactor-core-3.6.10.jar:/Users/gabrielullmann/.m2/repository/org/reactivestreams/reactive-streams/1.0.4/reactive-streams-1.0.4.jar:/Users/gabrielullmann/.m2/repository/io/micronaut/micronaut-http-server/4.7.6/micronaut-http-server-4.7.6.jar:/Users/gabrielullmann/.m2/repository/io/micronaut/micronaut-http/4.7.6/micronaut-http-4.7.6.jar:/Users/gabrielullmann/.m2/repository/io/micronaut/micronaut-core-reactive/4.7.6/micronaut-core-reactive-4.7.6.jar:/Users/gabrielullmann/.m2/repository/io/micronaut/micronaut-context-propagation/4.7.6/micronaut-context-propagation-4.7.6.jar:/Users/gabrielullmann/.m2/repository/io/micronaut/micronaut-router/4.7.6/micronaut-router-4.7.6.jar:/Users/gabrielullmann/.m2/repository/io/micronaut/micronaut-http-server-netty/4.7.6/micronaut-http-server-netty-4.7.6.jar:/Users/gabrielullmann/.m2/repository/io/micronaut/micronaut-core/4.7.6/micronaut-core-4.7.6.jar:/Users/gabrielullmann/.m2/repository/io/netty/netty-codec-http/4.1.115.Final/netty-codec-http-4.1.115.Final.jar:/Users/gabrielullmann/.m2/repository/io/micronaut/security/micronaut-security-oauth2/4.11.2/micronaut-security-oauth2-4.11.2.jar:/Users/gabrielullmann/.m2/repository/io/micronaut/micronaut-inject/4.7.6/micronaut-inject-4.7.6.jar:/Users/gabrielullmann/.m2/repository/jakarta/inject/jakarta.inject-api/2.0.1/jakarta.inject-api-2.0.1.jar:/Users/gabrielullmann/.m2/repository/jakarta/validation/jakarta.validation-api/3.1.0/jakarta.validation-api-3.1.0.jar:/Users/gabrielullmann/.m2/repository/io/micronaut/security/micronaut-security/4.11.2/micronaut-security-4.11.2.jar:/Users/gabrielullmann/.m2/repository/io/micronaut/security/micronaut-security-annotations/4.11.2/micronaut-security-annotations-4.11.2.jar:/Users/gabrielullmann/.m2/repository/io/micronaut/reactor/micronaut-reactor/3.6.0/micronaut-reactor-3.6.0.jar:/Users/gabrielullmann/.m2/repository/io/micronaut/serde/micronaut-serde-jackson/2.12.0/micronaut-serde-jackson-2.12.0.jar:/Users/gabrielullmann/.m2/repository/io/micronaut/micronaut-jackson-core/4.7.6/micronaut-jackson-core-4.7.6.jar:/Users/gabrielullmann/.m2/repository/com/fasterxml/jackson/core/jackson-core/2.17.2/jackson-core-2.17.2.jar:/Users/gabrielullmann/.m2/repository/com/fasterxml/jackson/core/jackson-annotations/2.17.2/jackson-annotations-2.17.2.jar:/Users/gabrielullmann/.m2/repository/io/micronaut/serde/micronaut-serde-api/2.12.0/micronaut-serde-api-2.12.0.jar:/Users/gabrielullmann/.m2/repository/io/micronaut/serde/micronaut-serde-support/2.12.0/micronaut-serde-support-2.12.0.jar:/Users/gabrielullmann/.m2/repository/org/springframework/boot/spring-boot-starter/3.3.5/spring-boot-starter-3.3.5.jar:/Users/gabrielullmann/.m2/repository/org/springframework/boot/spring-boot/3.3.5/spring-boot-3.3.5.jar:/Users/gabrielullmann/.m2/repository/org/springframework/spring-context/6.1.14/spring-context-6.1.14.jar:/Users/gabrielullmann/.m2/repository/org/springframework/boot/spring-boot-autoconfigure/3.3.5/spring-boot-autoconfigure-3.3.5.jar:/Users/gabrielullmann/.m2/repository/org/springframework/boot/spring-boot-starter-logging/3.3.5/spring-boot-starter-logging-3.3.5.jar:/Users/gabrielullmann/.m2/repository/org/apache/logging/log4j/log4j-to-slf4j/2.24.1/log4j-to-slf4j-2.24.1.jar:/Users/gabrielullmann/.m2/repository/org/apache/logging/log4j/log4j-api/2.24.1/log4j-api-2.24.1.jar:/Users/gabrielullmann/.m2/repository/org/slf4j/jul-to-slf4j/2.0.16/jul-to-slf4j-2.0.16.jar:/Users/gabrielullmann/.m2/repository/jakarta/annotation/jakarta.annotation-api/2.1.1/jakarta.annotation-api-2.1.1.jar:/Users/gabrielullmann/.m2/repository/org/springframework/spring-core/6.1.14/spring-core-6.1.14.jar:/Users/gabrielullmann/.m2/repository/org/springframework/spring-jcl/6.1.14/spring-jcl-6.1.14.jar:/Users/gabrielullmann/.m2/repository/org/yaml/snakeyaml/2.2/snakeyaml-2.2.jar:/Users/gabrielullmann/.m2/repository/org/springframework/boot/spring-boot-starter-web/3.3.5/spring-boot-starter-web-3.3.5.jar:/Users/gabrielullmann/.m2/repository/org/springframework/boot/spring-boot-starter-json/3.3.5/spring-boot-starter-json-3.3.5.jar:/Users/gabrielullmann/.m2/repository/com/fasterxml/jackson/core/jackson-databind/2.17.2/jackson-databind-2.17.2.jar:/Users/gabrielullmann/.m2/repository/com/fasterxml/jackson/datatype/jackson-datatype-jdk8/2.17.2/jackson-datatype-jdk8-2.17.2.jar:/Users/gabrielullmann/.m2/repository/com/fasterxml/jackson/datatype/jackson-datatype-jsr310/2.17.2/jackson-datatype-jsr310-2.17.2.jar:/Users/gabrielullmann/.m2/repository/com/fasterxml/jackson/module/jackson-module-parameter-names/2.17.2/jackson-module-parameter-names-2.17.2.jar:/Users/gabrielullmann/.m2/repository/org/springframework/boot/spring-boot-starter-tomcat/3.3.5/spring-boot-starter-tomcat-3.3.5.jar:/Users/gabrielullmann/.m2/repository/org/apache/tomcat/embed/tomcat-embed-core/10.1.31/tomcat-embed-core-10.1.31.jar:/Users/gabrielullmann/.m2/repository/org/apache/tomcat/embed/tomcat-embed-el/10.1.31/tomcat-embed-el-10.1.31.jar:/Users/gabrielullmann/.m2/repository/org/apache/tomcat/embed/tomcat-embed-websocket/10.1.31/tomcat-embed-websocket-10.1.31.jar:/Users/gabrielullmann/.m2/repository/org/springframework/spring-web/6.1.14/spring-web-6.1.14.jar:/Users/gabrielullmann/.m2/repository/org/springframework/spring-beans/6.1.14/spring-beans-6.1.14.jar:/Users/gabrielullmann/.m2/repository/io/micrometer/micrometer-observation/1.13.6/micrometer-observation-1.13.6.jar:/Users/gabrielullmann/.m2/repository/io/micrometer/micrometer-commons/1.13.6/micrometer-commons-1.13.6.jar:/Users/gabrielullmann/.m2/repository/org/springframework/spring-webmvc/6.1.14/spring-webmvc-6.1.14.jar:/Users/gabrielullmann/.m2/repository/org/springframework/spring-aop/6.1.14/spring-aop-6.1.14.jar:/Users/gabrielullmann/.m2/repository/org/springframework/spring-expression/6.1.14/spring-expression-6.1.14.jar:/Users/gabrielullmann/.m2/repository/ch/qos/logback/logback-classic/1.5.9/logback-classic-1.5.9.jar:/Users/gabrielullmann/.m2/repository/ch/qos/logback/logback-core/1.5.9/logback-core-1.5.9.jar:/Users/gabrielullmann/.m2/repository/io/micronaut/spring/micronaut-spring-web/5.9.0/micronaut-spring-web-5.9.0.jar:/Users/gabrielullmann/.m2/repository/io/micronaut/spring/micronaut-spring-context/5.9.0/micronaut-spring-context-5.9.0.jar:/Users/gabrielullmann/.m2/repository/io/micronaut/spring/micronaut-spring/5.9.0/micronaut-spring-5.9.0.jar:/Users/gabrielullmann/.m2/repository/org/springframework/spring-tx/6.1.14/spring-tx-6.1.14.jar:/Users/gabrielullmann/.m2/repository/io/micronaut/cache/micronaut-cache-core/5.1.0/micronaut-cache-core-5.1.0.jar:/Users/gabrielullmann/.m2/repository/io/micronaut/spring/micronaut-spring-web-annotation/5.9.0/micronaut-spring-web-annotation-5.9.0.jar:/Users/gabrielullmann/.m2/repository/io/micronaut/spring/micronaut-spring-annotation/5.9.0/micronaut-spring-annotation-5.9.0.jar:/Users/gabrielullmann/.m2/repository/io/micronaut/validation/micronaut-validation/4.8.0/micronaut-validation-4.8.0.jar:/Users/gabrielullmann/.m2/repository/io/micronaut/validation/micronaut-validation-processor/4.8.0/micronaut-validation-processor-4.8.0.jar:/Users/gabrielullmann/.m2/repository/io/micronaut/micronaut-runtime/4.7.6/micronaut-runtime-4.7.6.jar:/Users/gabrielullmann/.m2/repository/io/micronaut/micronaut-retry/4.7.6/micronaut-retry-4.7.6.jar:/Users/gabrielullmann/.m2/repository/io/micronaut/micronaut-core-processor/4.7.6/micronaut-core-processor-4.7.6.jar:/Users/gabrielullmann/.m2/repository/org/ow2/asm/asm-tree/9.7.1/asm-tree-9.7.1.jar:/Users/gabrielullmann/.m2/repository/org/ow2/asm/asm/9.7.1/asm-9.7.1.jar:/Users/gabrielullmann/.m2/repository/org/ow2/asm/asm-commons/9.7.1/asm-commons-9.7.1.jar:/Users/gabrielullmann/.m2/repository/com/github/javaparser/javaparser-symbol-solver-core/3.26.2/javaparser-symbol-solver-core-3.26.2.jar:/Users/gabrielullmann/.m2/repository/com/github/javaparser/javaparser-core/3.26.2/javaparser-core-3.26.2.jar:/Users/gabrielullmann/.m2/repository/io/micronaut/test/micronaut-test-junit5/4.6.0/micronaut-test-junit5-4.6.0.jar:/Users/gabrielullmann/.m2/repository/io/micronaut/test/micronaut-test-core/4.6.0/micronaut-test-core-4.6.0.jar:/Users/gabrielullmann/.m2/repository/org/junit/jupiter/junit-jupiter-api/5.11.3/junit-jupiter-api-5.11.3.jar:/Users/gabrielullmann/.m2/repository/org/opentest4j/opentest4j/1.3.0/opentest4j-1.3.0.jar:/Users/gabrielullmann/.m2/repository/org/junit/platform/junit-platform-commons/1.11.3/junit-platform-commons-1.11.3.jar:/Users/gabrielullmann/.m2/repository/org/apiguardian/apiguardian-api/1.1.2/apiguardian-api-1.1.2.jar:/Users/gabrielullmann/.m2/repository/org/junit/jupiter/junit-jupiter-engine/5.11.3/junit-jupiter-engine-5.11.3.jar:/Users/gabrielullmann/.m2/repository/org/junit/platform/junit-platform-engine/1.11.3/junit-platform-engine-1.11.3.jar:/Users/gabrielullmann/.m2/repository/com/google/code/gson/gson/2.10.1/gson-2.10.1.jar:/Users/gabrielullmann/.m2/repository/io/micronaut/test/micronaut-test-rest-assured/4.6.0/micronaut-test-rest-assured-4.6.0.jar:/Users/gabrielullmann/.m2/repository/io/rest-assured/rest-assured/5.5.0/rest-assured-5.5.0.jar:/Users/gabrielullmann/.m2/repository/org/apache/groovy/groovy-xml/4.0.24/groovy-xml-4.0.24.jar:/Users/gabrielullmann/.m2/repository/org/apache/httpcomponents/httpclient/4.5.13/httpclient-4.5.13.jar:/Users/gabrielullmann/.m2/repository/org/apache/httpcomponents/httpcore/4.4.13/httpcore-4.4.13.jar:/Users/gabrielullmann/.m2/repository/commons-logging/commons-logging/1.2/commons-logging-1.2.jar:/Users/gabrielullmann/.m2/repository/commons-codec/commons-codec/1.11/commons-codec-1.11.jar:/Users/gabrielullmann/.m2/repository/org/apache/httpcomponents/httpmime/4.5.13/httpmime-4.5.13.jar:/Users/gabrielullmann/.m2/repository/org/hamcrest/hamcrest/3.0/hamcrest-3.0.jar:/Users/gabrielullmann/.m2/repository/org/ccil/cowan/tagsoup/tagsoup/1.2.1/tagsoup-1.2.1.jar:/Users/gabrielullmann/.m2/repository/io/rest-assured/json-path/5.5.0/json-path-5.5.0.jar:/Users/gabrielullmann/.m2/repository/org/apache/groovy/groovy-json/4.0.24/groovy-json-4.0.24.jar:/Users/gabrielullmann/.m2/repository/io/rest-assured/rest-assured-common/5.5.0/rest-assured-common-5.5.0.jar:/Users/gabrielullmann/.m2/repository/io/rest-assured/xml-path/5.5.0/xml-path-5.5.0.jar:/Users/gabrielullmann/.m2/repository/org/apache/commons/commons-lang3/3.11/commons-lang3-3.11.jar:/Users/gabrielullmann/.m2/repository/org/apache/groovy/groovy/4.0.24/groovy-4.0.24.jar:"/>
    <property name="sun.cpu.endian" value="little"/>
    <property name="user.home" value="/Users/gabrielullmann"/>
    <property name="user.language" value="en"/>
    <property name="java.specification.vendor" value="Oracle Corporation"/>
    <property name="io.netty.allocator.maxOrder" value="3"/>
    <property name="java.version.date" value="2024-04-16"/>
    <property name="java.home" value="/Library/Java/JavaVirtualMachines/jdk-17.jdk/Contents/Home"/>
    <property name="file.separator" value="/"/>
    <property name="style.color" value="always"/>
    <property name="basedir" value="/Users/gabrielullmann/Documents/Projects/micronaut-midlwr"/>
    <property name="java.vm.compressedOopsMode" value="Zero based"/>
    <property name="line.separator" value="&#10;"/>
    <property name="java.vm.specification.vendor" value="Oracle Corporation"/>
    <property name="java.specification.name" value="Java Platform API Specification"/>
    <property name="surefire.real.class.path" value="/Users/gabrielullmann/Documents/Projects/micronaut-midlwr/target/surefire/surefirebooter-20241209180128882_3.jar"/>
    <property name="sun.management.compiler" value="HotSpot 64-Bit Tiered Compilers"/>
    <property name="ftp.nonProxyHosts" value="local|*.local|169.254/16|*.169.254/16"/>
    <property name="java.runtime.version" value="17.0.11+7-LTS-207"/>
    <property name="user.name" value="gabrielullmann"/>
    <property name="path.separator" value=":"/>
    <property name="os.version" value="14.6.1"/>
    <property name="java.runtime.name" value="Java(TM) SE Runtime Environment"/>
    <property name="file.encoding" value="UTF-8"/>
    <property name="java.vm.name" value="Java HotSpot(TM) 64-Bit Server VM"/>
    <property name="localRepository" value="/Users/gabrielullmann/.m2/repository"/>
    <property name="micronaut.classloader.logging" value="true"/>
    <property name="java.vendor.url.bug" value="https://bugreport.java.com/bugreport/"/>
    <property name="java.io.tmpdir" value="/var/folders/0m/83s9v2hx18771dzg6wdsfdyc0000gq/T/"/>
    <property name="java.version" value="17.0.11"/>
    <property name="user.dir" value="/Users/gabrielullmann/Documents/Projects/micronaut-midlwr"/>
    <property name="os.arch" value="aarch64"/>
    <property name="java.vm.specification.name" value="Java Virtual Machine Specification"/>
    <property name="native.encoding" value="UTF-8"/>
    <property name="java.library.path" value="/Users/gabrielullmann/Library/Java/Extensions:/Library/Java/Extensions:/Network/Library/Java/Extensions:/System/Library/Java/Extensions:/usr/lib/java:."/>
    <property name="java.vm.info" value="mixed mode, sharing"/>
    <property name="java.vendor" value="Oracle Corporation"/>
    <property name="java.vm.version" value="17.0.11+7-LTS-207"/>
    <property name="sun.io.unicode.encoding" value="UnicodeBig"/>
    <property name="socksNonProxyHosts" value="local|*.local|169.254/16|*.169.254/16"/>
    <property name="java.class.version" value="61.0"/>
  </properties>
  <testcase name="testItWorks" classname="com.ptidej.AbcTest" time="0.007">
    <system-out><![CDATA[&amp#27;[36m18:01:29.342&amp#27;[0;39m &amp#27;[1;30m[main]&amp#27;[0;39m &amp#27;[34mINFO &amp#27;[0;39m &amp#27;[35mi.m.c.DefaultApplicationContext$RuntimeConfiguredEnvironment&amp#27;[0;39m - Established active environments: [test]
]]></system-out>
  </testcase>
</testsuite>